<?xml version="1.0" encoding="UTF-8"?>
<testng-results ignored="0" total="2" passed="2" failed="0" skipped="0">
  <reporter-output>
  </reporter-output>
  <suite started-at="2023-08-25T00:48:24 IST" name="Opencart App Test" finished-at="2023-08-25T00:48:36 IST" duration-ms="12181">
    <groups>
    </groups>
    <test started-at="2023-08-25T00:48:24 IST" name="Test Basics 1" finished-at="2023-08-25T00:48:36 IST" duration-ms="12181">
      <class name="com.qa.pageTest.QaFox_PageTest">
        <test-method is-config="true" signature="setUp()[pri:0, instance:com.qa.pageTest.QaFox_PageTest@57fd91c9]" started-at="2023-08-25T00:48:24 IST" name="setUp" finished-at="2023-08-25T00:48:35 IST" duration-ms="11372" status="PASS">
          <reporter-output>
          </reporter-output>
        </test-method> <!-- setUp -->
        <test-method signature="getTitleTest()[pri:1, instance:com.qa.pageTest.QaFox_PageTest@57fd91c9]" started-at="2023-08-25T00:48:35 IST" name="getTitleTest" finished-at="2023-08-25T00:48:35 IST" duration-ms="104" status="PASS">
          <reporter-output>
          </reporter-output>
        </test-method> <!-- getTitleTest -->
        <test-method signature="dropDownOptionsTest()[pri:2, instance:com.qa.pageTest.QaFox_PageTest@57fd91c9]" started-at="2023-08-25T00:48:36 IST" name="dropDownOptionsTest" finished-at="2023-08-25T00:48:36 IST" duration-ms="85" status="PASS">
          <reporter-output>
          </reporter-output>
        </test-method> <!-- dropDownOptionsTest -->
        <test-method is-config="true" signature="tearDown()[pri:0, instance:com.qa.pageTest.QaFox_PageTest@57fd91c9]" started-at="2023-08-25T00:48:36 IST" name="tearDown" finished-at="2023-08-25T00:48:36 IST" duration-ms="444" status="PASS">
          <reporter-output>
          </reporter-output>
        </test-method> <!-- tearDown -->
      </class> <!-- com.qa.pageTest.QaFox_PageTest -->
    </test> <!-- Test Basics 1 -->
  </suite> <!-- Opencart App Test -->
</testng-results>
